<?xml version="1.0" encoding="UTF-8"?>
<testng-results ignored="0" total="8" passed="8" failed="0" skipped="0">
  <reporter-output>
  </reporter-output>
  <suite started-at="2024-12-28T15:29:25 IST" name="Cucumber Parallel Suite" finished-at="2024-12-28T15:29:29 IST" duration-ms="3774">
    <groups>
      <group name="cucumber">
        <method signature="AbstractTestNGCucumberTests.runScenario(io.cucumber.testng.PickleWrapper,io.cucumber.testng.FeatureWrapper)[pri:0, instance:runner.TestRunner@ef9296d]" name="runScenario" class="io.cucumber.testng.AbstractTestNGCucumberTests"/>
      </group> <!-- cucumber -->
    </groups>
    <test started-at="2024-12-28T15:29:25 IST" name="Cucumber Tests" finished-at="2024-12-28T15:29:29 IST" duration-ms="3774">
      <class name="runner.TestRunner">
        <test-method is-config="true" signature="setUpClass(org.testng.ITestContext)[pri:0, instance:runner.TestRunner@ef9296d]" started-at="2024-12-28T15:29:25 IST" name="setUpClass" finished-at="2024-12-28T15:29:26 IST" duration-ms="596" status="PASS">
          <params>
            <param index="0">
              <value>
                <![CDATA[org.testng.TestRunner@5e0e82ae]]>
              </value>
            </param>
          </params>
          <reporter-output>
          </reporter-output>
        </test-method> <!-- setUpClass -->
        <test-method signature="runScenario(io.cucumber.testng.PickleWrapper,io.cucumber.testng.FeatureWrapper)[pri:0, instance:runner.TestRunner@ef9296d]" started-at="2024-12-28T15:29:26 IST" name="runScenario" description="Runs Cucumber Scenarios" data-provider="scenarios" finished-at="2024-12-28T15:29:26 IST" duration-ms="214" status="PASS">
          <params>
            <param index="0">
              <value>
                <![CDATA["Update a book"]]>
              </value>
            </param>
            <param index="1">
              <value>
                <![CDATA["Book Management API Tests"]]>
              </value>
            </param>
          </params>
          <reporter-output>
          </reporter-output>
        </test-method> <!-- runScenario -->
        <test-method signature="runScenario(io.cucumber.testng.PickleWrapper,io.cucumber.testng.FeatureWrapper)[pri:0, instance:runner.TestRunner@ef9296d]" started-at="2024-12-28T15:29:26 IST" name="runScenario" description="Runs Cucumber Scenarios" data-provider="scenarios" finished-at="2024-12-28T15:29:26 IST" duration-ms="213" status="PASS">
          <params>
            <param index="0">
              <value>
                <![CDATA["Update a non-existing book"]]>
              </value>
            </param>
            <param index="1">
              <value>
                <![CDATA["Book Management API Tests"]]>
              </value>
            </param>
          </params>
          <reporter-output>
          </reporter-output>
        </test-method> <!-- runScenario -->
        <test-method signature="runScenario(io.cucumber.testng.PickleWrapper,io.cucumber.testng.FeatureWrapper)[pri:0, instance:runner.TestRunner@ef9296d]" started-at="2024-12-28T15:29:26 IST" name="runScenario" description="Runs Cucumber Scenarios" data-provider="scenarios" finished-at="2024-12-28T15:29:26 IST" duration-ms="213" status="PASS">
          <params>
            <param index="0">
              <value>
                <![CDATA["Create a book"]]>
              </value>
            </param>
            <param index="1">
              <value>
                <![CDATA["Book Management API Tests"]]>
              </value>
            </param>
          </params>
          <reporter-output>
          </reporter-output>
        </test-method> <!-- runScenario -->
        <test-method signature="runScenario(io.cucumber.testng.PickleWrapper,io.cucumber.testng.FeatureWrapper)[pri:0, instance:runner.TestRunner@ef9296d]" started-at="2024-12-28T15:29:26 IST" name="runScenario" description="Runs Cucumber Scenarios" data-provider="scenarios" finished-at="2024-12-28T15:29:26 IST" duration-ms="213" status="PASS">
          <params>
            <param index="0">
              <value>
                <![CDATA["Delete a book"]]>
              </value>
            </param>
            <param index="1">
              <value>
                <![CDATA["Book Management API Tests"]]>
              </value>
            </param>
          </params>
          <reporter-output>
          </reporter-output>
        </test-method> <!-- runScenario -->
        <test-method signature="runScenario(io.cucumber.testng.PickleWrapper,io.cucumber.testng.FeatureWrapper)[pri:0, instance:runner.TestRunner@ef9296d]" started-at="2024-12-28T15:29:26 IST" name="runScenario" description="Runs Cucumber Scenarios" data-provider="scenarios" finished-at="2024-12-28T15:29:26 IST" duration-ms="212" status="PASS">
          <params>
            <param index="0">
              <value>
                <![CDATA["Delete a non-existing book"]]>
              </value>
            </param>
            <param index="1">
              <value>
                <![CDATA["Book Management API Tests"]]>
              </value>
            </param>
          </params>
          <reporter-output>
          </reporter-output>
        </test-method> <!-- runScenario -->
        <test-method signature="runScenario(io.cucumber.testng.PickleWrapper,io.cucumber.testng.FeatureWrapper)[pri:0, instance:runner.TestRunner@ef9296d]" started-at="2024-12-28T15:29:26 IST" name="runScenario" description="Runs Cucumber Scenarios" data-provider="scenarios" finished-at="2024-12-28T15:29:26 IST" duration-ms="211" status="PASS">
          <params>
            <param index="0">
              <value>
                <![CDATA["Fetch all books"]]>
              </value>
            </param>
            <param index="1">
              <value>
                <![CDATA["Book Management API Tests"]]>
              </value>
            </param>
          </params>
          <reporter-output>
          </reporter-output>
        </test-method> <!-- runScenario -->
        <test-method signature="runScenario(io.cucumber.testng.PickleWrapper,io.cucumber.testng.FeatureWrapper)[pri:0, instance:runner.TestRunner@ef9296d]" started-at="2024-12-28T15:29:26 IST" name="runScenario" description="Runs Cucumber Scenarios" data-provider="scenarios" finished-at="2024-12-28T15:29:26 IST" duration-ms="210" status="PASS">
          <params>
            <param index="0">
              <value>
                <![CDATA["Fetch a book by ID"]]>
              </value>
            </param>
            <param index="1">
              <value>
                <![CDATA["Book Management API Tests"]]>
              </value>
            </param>
          </params>
          <reporter-output>
          </reporter-output>
        </test-method> <!-- runScenario -->
        <test-method signature="runScenario(io.cucumber.testng.PickleWrapper,io.cucumber.testng.FeatureWrapper)[pri:0, instance:runner.TestRunner@ef9296d]" started-at="2024-12-28T15:29:26 IST" name="runScenario" description="Runs Cucumber Scenarios" data-provider="scenarios" finished-at="2024-12-28T15:29:26 IST" duration-ms="210" status="PASS">
          <params>
            <param index="0">
              <value>
                <![CDATA["Fetch a non-existing book by ID"]]>
              </value>
            </param>
            <param index="1">
              <value>
                <![CDATA["Book Management API Tests"]]>
              </value>
            </param>
          </params>
          <reporter-output>
          </reporter-output>
        </test-method> <!-- runScenario -->
        <test-method is-config="true" signature="tearDownClass()[pri:0, instance:runner.TestRunner@ef9296d]" started-at="2024-12-28T15:29:26 IST" name="tearDownClass" finished-at="2024-12-28T15:29:29 IST" duration-ms="2905" status="PASS">
          <reporter-output>
          </reporter-output>
        </test-method> <!-- tearDownClass -->
      </class> <!-- runner.TestRunner -->
    </test> <!-- Cucumber Tests -->
  </suite> <!-- Cucumber Parallel Suite -->
</testng-results>
