<?xml version="1.0" encoding="UTF-8"?>
<testsuite xmlns:xsi="http://www.w3.org/2001/XMLSchema-instance" xsi:noNamespaceSchemaLocation="https://maven.apache.org/surefire/maven-surefire-plugin/xsd/surefire-test-report.xsd" name="TestSuite" time="4.35" tests="8" errors="0" skipped="0" failures="0">
  <properties>
[...]
</properties>
  <testcase name="runScenario" classname="runner.TestRunner" time="0.214"/>
  <testcase name="runScenario" classname="runner.TestRunner" time="0.214"/>
  <testcase name="runScenario" classname="runner.TestRunner" time="0.214"/>
  <testcase name="runScenario" classname="runner.TestRunner" time="0.214"/>
  <testcase name="runScenario" classname="runner.TestRunner" time="0.214"/>
  <testcase name="runScenario" classname="runner.TestRunner" time="0.214"/>
  <testcase name="runScenario" classname="runner.TestRunner" time="0.214"/>
  <testcase name="runScenario" classname="runner.TestRunner" time="0.214"/>
</testsuite>