<?xml version="1.0" encoding="UTF-8"?>
<!-- Generated by org.testng.reporters.JUnitXMLReporter -->
<testsuite ignored="0" hostname="Rog_Hasitha" failures="5" tests="8" name="Cucumber Tests" time="6.037" errors="0" timestamp="2025-01-02T12:59:25 IST">
  <testcase classname="io.cucumber.testng.AbstractTestNGCucumberTests" name="runScenario" time="2.676"/>
  <testcase classname="io.cucumber.testng.AbstractTestNGCucumberTests" name="runScenario" time="2.695">
    <failure type="java.lang.AssertionError" message="Status code mismatch! expected [401] but found [200]">
      <![CDATA[java.lang.AssertionError: Status code mismatch! expected [401] but found [200]
at org.example.stepdefs.GetAllBooksAPIStepDef.theAPIResponseShouldReturnStatusCode(GetAllBooksAPIStepDef.java:129)
at ✽.the get all books API response should return status code 401(file:///D:/UOM/L4S1%20academic/ITQA/ITQA-Group-5/APITesting/src/test/resources/features/get_all_books.feature:39)
... Removed 6 stack frames]]>
    </failure>
  </testcase> <!-- runScenario -->
  <testcase classname="io.cucumber.testng.AbstractTestNGCucumberTests" name="runScenario" time="2.697">
    <failure type="java.lang.AssertionError" message="Status code mismatch! expected [401] but found [200]">
      <![CDATA[java.lang.AssertionError: Status code mismatch! expected [401] but found [200]
at org.example.stepdefs.GetAllBooksAPIStepDef.theAPIResponseShouldReturnStatusCode(GetAllBooksAPIStepDef.java:129)
at ✽.the get all books API response should return status code 401(file:///D:/UOM/L4S1%20academic/ITQA/ITQA-Group-5/APITesting/src/test/resources/features/get_all_books.feature:34)
... Removed 6 stack frames]]>
    </failure>
  </testcase> <!-- runScenario -->
  <testcase classname="io.cucumber.testng.AbstractTestNGCucumberTests" name="runScenario" time="2.697">
    <failure type="java.lang.AssertionError" message="Status code mismatch! expected [401] but found [200]">
      <![CDATA[java.lang.AssertionError: Status code mismatch! expected [401] but found [200]
at org.example.stepdefs.GetAllBooksAPIStepDef.theAPIResponseShouldReturnStatusCode(GetAllBooksAPIStepDef.java:129)
at ✽.the get all books API response should return status code 401(file:///D:/UOM/L4S1%20academic/ITQA/ITQA-Group-5/APITesting/src/test/resources/features/get_all_books.feature:24)
... Removed 6 stack frames]]>
    </failure>
  </testcase> <!-- runScenario -->
  <testcase classname="io.cucumber.testng.AbstractTestNGCucumberTests" name="runScenario" time="2.698">
    <failure type="java.lang.AssertionError" message="Status code mismatch! expected [401] but found [200]">
      <![CDATA[java.lang.AssertionError: Status code mismatch! expected [401] but found [200]
at org.example.stepdefs.GetAllBooksAPIStepDef.theAPIResponseShouldReturnStatusCode(GetAllBooksAPIStepDef.java:129)
at ✽.the get all books API response should return status code 401(file:///D:/UOM/L4S1%20academic/ITQA/ITQA-Group-5/APITesting/src/test/resources/features/get_all_books.feature:29)
... Removed 6 stack frames]]>
    </failure>
  </testcase> <!-- runScenario -->
  <testcase classname="io.cucumber.testng.AbstractTestNGCucumberTests" name="runScenario" time="2.698">
    <failure type="java.lang.AssertionError" message="Status code mismatch! expected [401] but found [200]">
      <![CDATA[java.lang.AssertionError: Status code mismatch! expected [401] but found [200]
at org.example.stepdefs.GetAllBooksAPIStepDef.theAPIResponseShouldReturnStatusCode(GetAllBooksAPIStepDef.java:129)
at ✽.the get all books API response should return status code 401(file:///D:/UOM/L4S1%20academic/ITQA/ITQA-Group-5/APITesting/src/test/resources/features/get_all_books.feature:19)
... Removed 6 stack frames]]>
    </failure>
  </testcase> <!-- runScenario -->
  <testcase classname="io.cucumber.testng.AbstractTestNGCucumberTests" name="runScenario" time="3.002"/>
  <testcase classname="io.cucumber.testng.AbstractTestNGCucumberTests" name="runScenario" time="3.002"/>
</testsuite> <!-- Cucumber Tests -->
