<?xml version="1.0" encoding="UTF-8"?>
<testsuite xmlns:xsi="http://www.w3.org/2001/XMLSchema-instance" xsi:noNamespaceSchemaLocation="https://maven.apache.org/surefire/maven-surefire-plugin/xsd/surefire-test-report.xsd" name="TestSuite" time="6.611" tests="8" errors="0" skipped="0" failures="5">
  <properties>
[...]
</properties>
  <testcase name="runScenario" classname="runner.TestRunner" time="2.68"/>
  <testcase name="runScenario" classname="runner.TestRunner" time="2.722">
    <failure message="Status code mismatch! expected [401] but found [200]" type="java.lang.AssertionError">java.lang.AssertionError: Status code mismatch! expected [401] but found [200]
</failure>
    <system-out><![CDATA[  Then the get all books API response should return status code 401      # org.example.stepdefs.GetAllBooksAPIStepDef.theAPIResponseShouldReturnStatusCode(int)
      java.lang.AssertionError: Status code mismatch! expected [401] but found [200]
	at org.testng.Assert.fail(Assert.java:110)
	at org.testng.Assert.failNotEquals(Assert.java:1577)
	at org.testng.Assert.assertEqualsImpl(Assert.java:149)
	at org.testng.Assert.assertEquals(Assert.java:131)
	at org.testng.Assert.assertEquals(Assert.java:1418)
	at org.testng.Assert.assertEquals(Assert.java:1382)
	at org.example.stepdefs.GetAllBooksAPIStepDef.theAPIResponseShouldReturnStatusCode(GetAllBooksAPIStepDef.java:129)
	at ✽.the get all books API response should return status code 401(file:///D:/UOM/L4S1%20academic/ITQA/ITQA-Group-5/APITesting/src/test/resources/features/get_all_books.feature:29)

  Then the get all books API response should return status code 401 # org.example.stepdefs.GetAllBooksAPIStepDef.theAPIResponseShouldReturnStatusCode(int)
      java.lang.AssertionError: Status code mismatch! expected [401] but found [200]
	at org.testng.Assert.fail(Assert.java:110)
	at org.testng.Assert.failNotEquals(Assert.java:1577)
	at org.testng.Assert.assertEqualsImpl(Assert.java:149)
	at org.testng.Assert.assertEquals(Assert.java:131)
	at org.testng.Assert.assertEquals(Assert.java:1418)
	at org.testng.Assert.assertEquals(Assert.java:1382)
	at org.example.stepdefs.GetAllBooksAPIStepDef.theAPIResponseShouldReturnStatusCode(GetAllBooksAPIStepDef.java:129)
	at ✽.the get all books API response should return status code 401(file:///D:/UOM/L4S1%20academic/ITQA/ITQA-Group-5/APITesting/src/test/resources/features/get_all_books.feature:39)

  Then the get all books API response should return status code 401     # org.example.stepdefs.GetAllBooksAPIStepDef.theAPIResponseShouldReturnStatusCode(int)
      java.lang.AssertionError: Status code mismatch! expected [401] but found [200]
	at org.testng.Assert.fail(Assert.java:110)
	at org.testng.Assert.failNotEquals(Assert.java:1577)
	at org.testng.Assert.assertEqualsImpl(Assert.java:149)
	at org.testng.Assert.assertEquals(Assert.java:131)
	at org.testng.Assert.assertEquals(Assert.java:1418)
	at org.testng.Assert.assertEquals(Assert.java:1382)
	at org.example.stepdefs.GetAllBooksAPIStepDef.theAPIResponseShouldReturnStatusCode(GetAllBooksAPIStepDef.java:129)
	at ✽.the get all books API response should return status code 401(file:///D:/UOM/L4S1%20academic/ITQA/ITQA-Group-5/APITesting/src/test/resources/features/get_all_books.feature:19)

  Then the get all books API response should return status code 401     # org.example.stepdefs.GetAllBooksAPIStepDef.theAPIResponseShouldReturnStatusCode(int)
      java.lang.AssertionError: Status code mismatch! expected [401] but found [200]
	at org.testng.Assert.fail(Assert.java:110)
	at org.testng.Assert.failNotEquals(Assert.java:1577)
	at org.testng.Assert.assertEqualsImpl(Assert.java:149)
	at org.testng.Assert.assertEquals(Assert.java:131)
	at org.testng.Assert.assertEquals(Assert.java:1418)
	at org.testng.Assert.assertEquals(Assert.java:1382)
	at org.example.stepdefs.GetAllBooksAPIStepDef.theAPIResponseShouldReturnStatusCode(GetAllBooksAPIStepDef.java:129)
	at ✽.the get all books API response should return status code 401(file:///D:/UOM/L4S1%20academic/ITQA/ITQA-Group-5/APITesting/src/test/resources/features/get_all_books.feature:24)

  Then the get all books API response should return status code 401      # org.example.stepdefs.GetAllBooksAPIStepDef.theAPIResponseShouldReturnStatusCode(int)
      java.lang.AssertionError: Status code mismatch! expected [401] but found [200]
	at org.testng.Assert.fail(Assert.java:110)
	at org.testng.Assert.failNotEquals(Assert.java:1577)
	at org.testng.Assert.assertEqualsImpl(Assert.java:149)
	at org.testng.Assert.assertEquals(Assert.java:131)
	at org.testng.Assert.assertEquals(Assert.java:1418)
	at org.testng.Assert.assertEquals(Assert.java:1382)
	at org.example.stepdefs.GetAllBooksAPIStepDef.theAPIResponseShouldReturnStatusCode(GetAllBooksAPIStepDef.java:129)
	at ✽.the get all books API response should return status code 401(file:///D:/UOM/L4S1%20academic/ITQA/ITQA-Group-5/APITesting/src/test/resources/features/get_all_books.feature:34)

]]></system-out>
  </testcase>
  <testcase name="runScenario" classname="runner.TestRunner" time="2.722">
    <failure message="Status code mismatch! expected [401] but found [200]" type="java.lang.AssertionError">java.lang.AssertionError: Status code mismatch! expected [401] but found [200]
</failure>
  </testcase>
  <testcase name="runScenario" classname="runner.TestRunner" time="2.722">
    <failure message="Status code mismatch! expected [401] but found [200]" type="java.lang.AssertionError">java.lang.AssertionError: Status code mismatch! expected [401] but found [200]
</failure>
  </testcase>
  <testcase name="runScenario" classname="runner.TestRunner" time="2.722">
    <failure message="Status code mismatch! expected [401] but found [200]" type="java.lang.AssertionError">java.lang.AssertionError: Status code mismatch! expected [401] but found [200]
</failure>
  </testcase>
  <testcase name="runScenario" classname="runner.TestRunner" time="2.722">
    <failure message="Status code mismatch! expected [401] but found [200]" type="java.lang.AssertionError">java.lang.AssertionError: Status code mismatch! expected [401] but found [200]
</failure>
  </testcase>
  <testcase name="runScenario" classname="runner.TestRunner" time="3"/>
  <testcase name="runScenario" classname="runner.TestRunner" time="3"/>
</testsuite>